[10:58:20] [main/WARN]: Ambiguity between arguments [teleport, destination] and [teleport, targets] with inputs: [Player, 0123, @e, dd12be42-52a9-4a91-a8a1-11c01849e498]
[10:58:20] [main/WARN]: Ambiguity between arguments [teleport, location] and [teleport, destination] with inputs: [0.1 -0.5 .9, 0 0 0]
[10:58:20] [main/WARN]: Ambiguity between arguments [teleport, location] and [teleport, targets] with inputs: [0.1 -0.5 .9, 0 0 0]
[10:58:20] [main/WARN]: Ambiguity between arguments [teleport, targets] and [teleport, destination] with inputs: [Player, 0123, dd12be42-52a9-4a91-a8a1-11c01849e498]
[10:58:20] [main/WARN]: Ambiguity between arguments [teleport, targets, location] and [teleport, targets, destination] with inputs: [0.1 -0.5 .9, 0 0 0]
[10:58:20] [Server thread/INFO]: Starting minecraft server version 1.15.2
[10:58:20] [Server thread/INFO]: Loading properties
[10:58:20] [Server thread/INFO]: Default game type: SURVIVAL
[10:58:20] [Server thread/INFO]: Generating keypair
[10:58:20] [Server thread/INFO]: Starting Minecraft server on *:25565
[10:58:21] [Server thread/INFO]: Using epoll channel type
[10:58:21] [Server thread/INFO]: Preparing level "world"
[10:58:21] [Server thread/INFO]: Found new data pack vanilla, loading it automatically
[10:58:21] [Server thread/INFO]: Reloading ResourceManager: Default
[10:58:22] [Server thread/INFO]: Loaded 6 recipes
[10:58:23] [Server thread/INFO]: Loaded 825 advancements
[10:58:42] [Server thread/INFO]: Preparing start region for dimension minecraft:overworld
[10:58:42] [Server-Worker-1/INFO]: Preparing spawn area: 0%
[10:58:42] [Server-Worker-1/INFO]: Preparing spawn area: 0%
[10:58:43] [Server-Worker-1/INFO]: Preparing spawn area: 0%
[10:58:43] [Server-Worker-1/INFO]: Preparing spawn area: 1%
[10:58:44] [Server-Worker-1/INFO]: Preparing spawn area: 2%
[10:58:45] [Server-Worker-1/INFO]: Preparing spawn area: 5%
[10:58:45] [Server-Worker-1/INFO]: Preparing spawn area: 8%
[10:58:46] [Server-Worker-1/INFO]: Preparing spawn area: 10%
[10:58:46] [Server-Worker-1/INFO]: Preparing spawn area: 13%
[10:58:47] [Server-Worker-1/INFO]: Preparing spawn area: 16%
[10:58:47] [Server-Worker-1/INFO]: Preparing spawn area: 20%
[10:58:47] [Server-Worker-1/INFO]: Preparing spawn area: 23%
[10:58:48] [Server-Worker-1/INFO]: Preparing spawn area: 27%
[10:58:49] [Server-Worker-1/INFO]: Preparing spawn area: 30%
[10:58:49] [Server-Worker-1/INFO]: Preparing spawn area: 33%
[10:58:50] [Server-Worker-1/INFO]: Preparing spawn area: 36%
[10:58:50] [Server-Worker-1/INFO]: Preparing spawn area: 39%
[10:58:51] [Server-Worker-1/INFO]: Preparing spawn area: 41%
[10:58:51] [Server-Worker-1/INFO]: Preparing spawn area: 44%
[10:58:52] [Server-Worker-1/INFO]: Preparing spawn area: 47%
[10:58:52] [Server-Worker-1/INFO]: Preparing spawn area: 50%
[10:58:52] [Server-Worker-1/INFO]: Preparing spawn area: 54%
[10:58:53] [Server-Worker-1/INFO]: Preparing spawn area: 57%
[10:58:53] [Server-Worker-1/INFO]: Preparing spawn area: 60%
[10:58:54] [Server-Worker-1/INFO]: Preparing spawn area: 63%
[10:58:54] [Server-Worker-1/INFO]: Preparing spawn area: 67%
[10:58:55] [Server-Worker-1/INFO]: Preparing spawn area: 71%
[10:58:55] [Server-Worker-1/INFO]: Preparing spawn area: 73%
[10:58:56] [Server-Worker-1/INFO]: Preparing spawn area: 76%
[10:58:57] [Server-Worker-1/INFO]: Preparing spawn area: 80%
[10:58:57] [Server-Worker-1/INFO]: Preparing spawn area: 84%
[10:58:58] [Server-Worker-1/INFO]: Preparing spawn area: 87%
[10:58:58] [Server-Worker-1/INFO]: Preparing spawn area: 90%
[10:58:58] [Server-Worker-1/INFO]: Preparing spawn area: 93%
[10:58:59] [Server-Worker-1/INFO]: Preparing spawn area: 97%
[10:58:59] [Server thread/INFO]: Time elapsed: 17267 ms
[10:58:59] [Server thread/INFO]: Done (38.602s)! For help, type "help"
